This is TeX, Version 3.1415 (C version 6.1) (format=lplain 94.2.9)  4 MAR 1994 10:21
**reduce.tex
(reduce.tex
LaTeX Version 2.09 <25 March 1992>
(/usr/lib/tex/macros/latex/book.sty
Standard Document Style `book' <14 Jan 92>.
(/usr/lib/tex/macros/latex/bk12.sty)
\descriptionmargin=\dimen99
\c@part=\count79
\c@chapter=\count80
\c@section=\count81
\c@subsection=\count82
\c@subsubsection=\count83
\c@paragraph=\count84
\c@subparagraph=\count85
\c@figure=\count86
\c@table=\count87
) (/usr/lib/tex/macros/latex/fleqn.sty
Document style option `fleqn' - Released 04 Nov 91
\mathindent=\dimen100
) (../../../Manual/LaTeX/alltt.sty) (../../../Manual/LaTeX/layout.sty
\@myenumdepth=\count88
\c@myenumi=\count89
)
(../../../Manual/LaTeX/commands.tex
\minipagewidth=\skip41
\hsbw=\skip42
\c@sessioncount=\count90
) (../../../Manual/LaTeX/ref-macros.tex)
\@indexfile=\write3

Writing index file reduce.idx 
(reduce.aux (title.aux) (description.aux) (entries.aux) (index.aux)) (title.tex
[1


] [2]) (reduce.toc)
\tf@toc=\write4
 [3


] [4

] (description.tex
Chapter 1.
[1


] [2]) [3] (entries.tex [4



]
Chapter 2.
(entries-intro.tex) [5] [6] [7]
Underfull \vbox (badness 4108) has occurred while \output is active
\vbox(640.187+0.0)x455.24408, glue set 3.45099
.\glue(\topskip) 2.00002
.\hbox(9.99998+2.79999)x455.24408, glue set 392.3845fil
..\frtnbf E
..\frtnbf x
..\frtnbf a
..\frtnbf m
..\frtnbf p
..etc.
.\penalty 10000
.\glue(\parskip) 0.0 plus 1.0
.\penalty 10000
.etc.

 [8]
[9] [10]
Underfull \vbox (badness 1789) has occurred while \output is active
\vbox(640.187+0.0)x455.24408, glue set 2.61905
.\glue(\topskip) 2.00002
.\hbox(9.99998+2.79999)x455.24408, glue set 392.3845fil
..\frtnbf E
..\frtnbf x
..\frtnbf a
..\frtnbf m
..\frtnbf p
..etc.
.\penalty 10000
.\glue(\parskip) 0.0 plus 1.0
.\penalty 10000
.etc.

 [11]
Underfull \vbox (badness 1983) has occurred while \output is active
\vbox(640.187+0.0)x455.24408, glue set 2.7074
.\glue(\topskip) 2.00002
.\hbox(9.99998+2.79999)x455.24408, glue set 392.3845fil
..\frtnbf E
..\frtnbf x
..\frtnbf a
..\frtnbf m
..\frtnbf p
..etc.
.\penalty 10000
.\glue(\parskip) 0.0 plus 1.0
.\penalty 10000
.etc.

 [12]
Underfull \vbox (badness 1259) has occurred while \output is active
\vbox(640.187+0.0)x455.24408, glue set 2.32814
.\glue(\topskip) 2.00002
.\hbox(9.99998+2.79999)x455.24408, glue set 392.3845fil
..\frtnbf E
..\frtnbf x
..\frtnbf a
..\frtnbf m
..\frtnbf p
..etc.
.\penalty 10000
.\glue(\parskip) 0.0 plus 1.0
.\penalty 10000
.etc.

 [13]
Underfull \vbox (badness 1789) has occurred while \output is active
\vbox(640.187+0.0)x455.24408, glue set 2.61905
.\glue(\topskip) 2.00002
.\hbox(9.99998+2.79999)x455.24408, glue set 392.3845fil
..\frtnbf E
..\frtnbf x
..\frtnbf a
..\frtnbf m
..\frtnbf p
..etc.
.\penalty 10000
.\glue(\parskip) 0.0 plus 1.0
.\penalty 10000
.etc.

 [14]
Underfull \vbox (badness 4108) has occurred while \output is active
\vbox(640.187+0.0)x455.24408, glue set 3.45099
.\glue(\topskip) 2.00002
.\hbox(9.99998+2.79999)x455.24408, glue set 392.3845fil
..\frtnbf E
..\frtnbf x
..\frtnbf a
..\frtnbf m
..\frtnbf p
..etc.
.\penalty 10000
.\glue(\parskip) 0.0 plus 1.0
.\penalty 10000
.etc.

 [15]
[16]
Underfull \vbox (badness 1231) has occurred while \output is active
\vbox(640.187+0.0)x455.24408, glue set 2.31165
.\glue(\topskip) 2.00002
.\hbox(9.99998+2.79999)x455.24408, glue set 392.3845fil
..\frtnbf E
..\frtnbf x
..\frtnbf a
..\frtnbf m
..\frtnbf p
..etc.
.\penalty 10000
.\glue(\parskip) 0.0 plus 1.0
.\penalty 10000
.etc.

 [17]
[18] [19] [20] [21] [22] [23]) [24] (index.tex [25




]) (reduce.aux (title.aux)
(description.aux) (entries.aux) (index.aux)) ) 
Here is how much of TeX's memory you used:
 422 strings out of 11977
 3515 string characters out of 87025
 36701 words of memory out of 262141
 2282 multiletter control sequences out of 9500
 19472 words of font info for 74 fonts, out of 100000 for 255
 14 hyphenation exceptions out of 607
 17i,10n,17p,180b,460s stack positions out of 300i,100n,60p,3000b,4000s

Output written on reduce.dvi (29 pages, 35000 bytes).
