This is TeX, Version 3.1415 (C version 6.1) (format=lplain 94.2.9)  4 MAR 1994 10:09
**more_arithmetic.tex
(more_arithmetic.tex
LaTeX Version 2.09 <25 March 1992>
(/usr/lib/tex/macros/latex/book.sty
Standard Document Style `book' <14 Jan 92>.
(/usr/lib/tex/macros/latex/bk12.sty)
\descriptionmargin=\dimen99
\c@part=\count79
\c@chapter=\count80
\c@section=\count81
\c@subsection=\count82
\c@subsubsection=\count83
\c@paragraph=\count84
\c@subparagraph=\count85
\c@figure=\count86
\c@table=\count87
) (/usr/lib/tex/macros/latex/makeidx.sty
Document style option `makeidx' - released 21 Oct 91
) (/usr/lib/tex/macros/latex/fleqn.sty
Document style option `fleqn' - Released 04 Nov 91
\mathindent=\dimen100
) (../../../Manual/LaTeX/alltt.sty) (../../../Manual/LaTeX/layout.sty
\@myenumdepth=\count88
\c@myenumi=\count89
)
(../../../Manual/LaTeX/commands.tex
\minipagewidth=\skip41
\hsbw=\skip42
\c@sessioncount=\count90
) (../../../Manual/LaTeX/ref-macros.tex)
\@indexfile=\write3

Writing index file more_arithmetic.idx 
(more_arithmetic.aux (title.aux) (ack.aux) (description.aux) (entries.aux)
(theorems.aux) (index.aux)) (title.tex [1


]) [2] (ack.tex
Underfull \hbox (badness 10000) in paragraph at lines 7--17


\hbox(0.0+0.0)x396.49469
.\glue(\rightskip) 0.0

[3



]) [4


] (more_arithmetic.toc)
\tf@toc=\write4
 [1] (description.tex (intro.tex [2


]
Chapter 1.
) (ineq.tex [3]) (zero_ineq.tex) (suc.tex) (pre.tex [4]) (add.tex) (sub.tex)
(mult.tex [5]) (div_mod.tex) (min_max.tex [6]) (odd_even.tex) (using.tex
[7] [8])) [9] (entries.tex [10



]
Chapter 2.
(entries-intro.tex) [11] [12] [13]) [14] (theorems.tex
Chapter 3.
(theorems-intro.tex) [15



] [16] [17] [18] [19] [20] [21] [22] [23]) [24]
(index.tex [25



] [26] [27

]) (more_arithmetic.aux (title.aux) (ack.aux)
(description.aux) (entries.aux) (theorems.aux) (index.aux)) ) 
Here is how much of TeX's memory you used:
 494 strings out of 11977
 4165 string characters out of 87025
 38961 words of memory out of 262141
 2291 multiletter control sequences out of 9500
 19808 words of font info for 76 fonts, out of 100000 for 255
 14 hyphenation exceptions out of 607
 19i,12n,20p,321b,467s stack positions out of 300i,100n,60p,3000b,4000s

Output written on more_arithmetic.dvi (31 pages, 53112 bytes).
