This is TeX, C Version 3.0 (format=lplain 90.7.30)  15 MAR 1992 15:53
**thmproveB.tex
(thmproveB.tex
LaTeX Version 2.09 <7 Dec 1989>
(/usr/lib/tex/macros/article.sty
Document Style `article' <16 Mar 88>.
(/usr/lib/tex/macros/art12.sty)
\c@part=\count79
\c@section=\count80
\c@subsection=\count81
\c@subsubsection=\count82
\c@paragraph=\count83
\c@subparagraph=\count84
\c@figure=\count85
\c@table=\count86
) (alltt.sty) (layout.sty
HOL Course Slide Layout
\rfootbox=\box25
\lfootbox=\box26
) (macros.tex
\stitle=\box27
\blobwidth=\skip41
\pointwidth=\skip42
\subblobwidth=\skip43
\sind=\skip44
\lwid=\skip45
\hsbw=\skip46
)
\ubox=\box28
 (thmproveB.aux) [1


] [2] [3] [4] [5] [6] [7] [8] [9] [10]
[11] [12] [13] [14] [15] [16] [17] [18] [19] [20] [21] [22] [23] [24] [25]
[26] [27] [28] [29] [30] [31] [32] [33] [34] [35] [36] [37] [38] [39] [40]
[41] [42] [43] [44] [45] [46] [47] [48] [49] [50] [51] [52] [53] [54] [55]
[56] [57] [58] [59] [60] [61] [62] [63] [64] [65] [66] [67] [68]
(thmproveB.aux) ) 
Here is how much of TeX's memory you used:
 200 strings out of 4463
 1810 string characters out of 63169
 30819 words of memory out of 262141
 2137 multiletter control sequences out of 9500
 20640 words of font info for 78 fonts, out of 72000 for 255
 14 hyphenation exceptions out of 607
 14i,12n,17p,168b,426s stack positions out of 300i,100n,60p,3000b,4000s

Output written on thmproveB.dvi (68 pages, 68536 bytes).
