This is TeX, Version 3.1415 (C version 6.1) (format=lplain 94.2.9)  4 MAR 1994 10:29
**window.tex
(window.tex
LaTeX Version 2.09 <25 March 1992>
(/usr/lib/tex/macros/latex/book.sty
Standard Document Style `book' <14 Jan 92>.
(/usr/lib/tex/macros/latex/bk12.sty)
\descriptionmargin=\dimen99
\c@part=\count79
\c@chapter=\count80
\c@section=\count81
\c@subsection=\count82
\c@subsubsection=\count83
\c@paragraph=\count84
\c@subparagraph=\count85
\c@figure=\count86
\c@table=\count87
) (/usr/lib/tex/macros/latex/fleqn.sty
Document style option `fleqn' - Released 04 Nov 91
\mathindent=\dimen100
) (../../../Manual/LaTeX/alltt.sty) (../../../Manual/LaTeX/layout.sty
\@myenumdepth=\count88
\c@myenumi=\count89
)
(../../../Manual/LaTeX/commands.tex
\minipagewidth=\skip41
\hsbw=\skip42
\c@sessioncount=\count90
) (../../../Manual/LaTeX/ref-macros.tex)
\@indexfile=\write3

Writing index file window.idx 
(window.aux (title.aux) (description.aux) (entries.aux) (theorems.aux)
(index.aux)) (title.tex [1


] [2]) (window.toc)
\tf@toc=\write4
 [1


] (description.tex [2


]
Chapter 1.
[3] [4

]
Chapter 2.
[5] [6] [7] [8] [9] [10] [11] [12] [13] [14] [15] [16] [17] [18] [19] [20]
[21]) [22] [23] (entries.tex [24



]
Chapter 3.
(entries-intro.tex) [25] [26] [27] [28] [29] [30] [31] [32]
Underfull \vbox (badness 10000) has occurred while \output is active
\vbox(640.187+0.0)x455.24408, glue set 12.00615
.\mark{{{Chapter\ 3. \ ML Functions in the window Library}}{{\small \pbf BEG\ET
C.}
.\glue(\topskip) 12.0
.\hbox(0.0+0.0)x455.24408, glue set 455.24408fil
..\hbox(0.0+0.0)x0.0
..\glue 0.0
..\hbox(0.0+0.0)x0.0
...\glue 0.0
...\glue 0.0
...\glue -5.87494
...\hbox(0.0+0.0)x0.0
...\glue 5.87494
..\penalty 0
..\glue(\rightskip) 0.0 plus 1.0fil
.\penalty 10300
.\glue(\lineskip) 1.0
.etc.

 [33]
[34] [35] [36] [37] [38] [39] [40] [41] [42] [43]
Underfull \vbox (badness 1043) has occurred while \output is active
\vbox(640.187+0.0)x455.24408, glue set 2.18718
.\mark{{{Chapter\ 3. \ ML Functions in the window Library}}{{\bf equiv\unhbox \
ETC.}
.\glue(\topskip) 12.0
.\hbox(0.0+0.0)x455.24408, glue set 455.24408fil
..\hbox(0.0+0.0)x0.0
..\glue 0.0
..\hbox(0.0+0.0)x0.0
...\glue 0.0
...\glue 0.0
...\glue -5.87494
...\hbox(0.0+0.0)x0.0
...\glue 5.87494
..\penalty 0
..\glue(\rightskip) 0.0 plus 1.0fil
.\penalty 10300
.\glue(\lineskip) 1.0
.etc.

 [44]
[45] [46] [47] [48] [49] [50] [51] [52] [53] [54] [55] [56] [57]
Underfull \vbox (badness 2564) has occurred while \output is active
\vbox(640.187+0.0)x455.24408, glue set 2.94998
.\glue(\topskip) 2.00002
.\hbox(9.99998+2.79999)x455.24408, glue set 392.3845fil
..\frtnbf E
..\frtnbf x
..\frtnbf a
..\frtnbf m
..\frtnbf p
..etc.
.\penalty 10000
.\glue(\parskip) 0.0 plus 1.0
.\penalty 10000
.etc.

 [58]
[59] [60] [61] [62] [63] [64] [65] [66]
Underfull \vbox (badness 10000) has occurred while \output is active
\vbox(640.187+0.0)x455.24408, glue set 65.16957
.\glue(\topskip) 2.00002
.\hbox(9.99998+2.79999)x455.24408, glue set 371.92262fil
..\frtnbf D
..\frtnbf e
..\frtnbf s
..\frtnbf c
..\frtnbf r
..etc.
.\penalty 10000
.\glue(\parskip) 0.0 plus 1.0
.\glue(\baselineskip) 4.8667
.etc.

 [67]
[68] [69] [70] [71] [72] [73] [74] [75] [76] [77] [78] [79] [80] [81] [82]
[83] [84] [85] [86] [87] [88] [89] [90] [91] [92] [93]) [94] (theorems.tex
Chapter 4.
(theorems-intro.tex)) [95



] (index.tex [96



] [97]) (window.aux (title.aux)
(description.aux) (entries.aux) (theorems.aux) (index.aux)) ) 
Here is how much of TeX's memory you used:
 453 strings out of 11977
 3752 string characters out of 87025
 38895 words of memory out of 262141
 2294 multiletter control sequences out of 9500
 19472 words of font info for 74 fonts, out of 100000 for 255
 14 hyphenation exceptions out of 607
 19i,12n,17p,426b,458s stack positions out of 300i,100n,60p,3000b,4000s

Output written on window.dvi (99 pages, 186756 bytes).
