This is TeX, Version 3.1415 (C version 6.1) (format=lplain 94.2.9)  4 MAR 1994 10:11
**numeral.tex
(numeral.tex
LaTeX Version 2.09 <25 March 1992>
(/usr/lib/tex/macros/latex/book.sty
Standard Document Style `book' <14 Jan 92>.
(/usr/lib/tex/macros/latex/bk12.sty)
\descriptionmargin=\dimen99
\c@part=\count79
\c@chapter=\count80
\c@section=\count81
\c@subsection=\count82
\c@subsubsection=\count83
\c@paragraph=\count84
\c@subparagraph=\count85
\c@figure=\count86
\c@table=\count87
) (/usr/lib/tex/macros/latex/fleqn.sty
Document style option `fleqn' - Released 04 Nov 91
\mathindent=\dimen100
) (../../../Manual/LaTeX/alltt.sty) (../../../Manual/LaTeX/layout.sty
\@myenumdepth=\count88
\c@myenumi=\count89
)
(../../../Manual/LaTeX/commands.tex
\minipagewidth=\skip41
\hsbw=\skip42
\c@sessioncount=\count90
) (../../../Manual/LaTeX/ref-macros.tex)
\@indexfile=\write3

Writing index file numeral.idx 
(numeral.aux (title.aux) (description.aux) (entries.aux) (theorems.aux)
(index.aux)) (title.tex [1


] [2]) (numeral.toc)
\tf@toc=\write4
 [3


] [4

] (description.tex
Chapter 1.
[1


] [2] [3]) [4] [5] (entries.tex [6



]
Chapter 2.
(entries-intro.tex) [7] [8] [9]
Overfull \hbox (7.90205pt too wide) in paragraph at lines 175--181
\twlrm The ar-gu-ment to []\elvtt BASEN_EXP_CONV \twlrm must be of the form []\
elvtt "BASEN r [...] EXP BASEN r [...]"\twlrm ,

\hbox(8.33331+2.33331)x455.24408, glue set - 1.0
.\twlrm T
.\twlrm h
.\twlrm e
.\glue 3.91663 plus 1.95831 minus 1.30554
.\twlrm a
.etc.

[10] [11] [12] [13] [14] [15] [16]
Underfull \vbox (badness 1226) has occurred while \output is active
\vbox(640.187+0.0)x455.24408, glue set 2.30682
.\glue(\topskip) 2.00002
.\hbox(9.99998+2.79999)x455.24408, glue set 392.3845fil
..\frtnbf E
..\frtnbf x
..\frtnbf a
..\frtnbf m
..\frtnbf p
..etc.
.\penalty 10000
.\glue(\parskip) 0.0 plus 1.0
.\penalty 10000
.etc.

 [17]
Underfull \vbox (badness 1946) has occurred while \output is active
\vbox(640.187+0.0)x455.24408, glue set 2.69322
.\glue(\topskip) 2.00002
.\hbox(9.99998+2.79999)x455.24408, glue set 392.3845fil
..\frtnbf E
..\frtnbf x
..\frtnbf a
..\frtnbf m
..\frtnbf p
..etc.
.\penalty 10000
.\glue(\parskip) 0.0 plus 1.0
.\penalty 10000
.etc.

 [18]
Overfull \hbox (61.50963pt too wide) in paragraph at lines 554--557
\twlrm If []\elvtt m \twlrm is a list of dig-its in base []\elvtt r\twlrm , and
 []\elvtt m \twlrm is a list of dig-its in base []\elvtt r\twlrm , then []\elvt
t BASEN_PRE_CONV "PRE (BASEN r m)"

\hbox(8.33331+2.33331)x455.24408, glue set - 1.0
.\twlrm I
.\twlrm f
.\glue 3.91663 plus 1.95831 minus 1.30554
.\hbox(0.0+0.0)x0.0
.\elvtt m
.etc.


Underfull \vbox (badness 1354) has occurred while \output is active
\vbox(640.187+0.0)x455.24408, glue set 2.38553
.\glue(\topskip) 2.00002
.\hbox(9.99998+2.79999)x455.24408, glue set 392.3845fil
..\frtnbf E
..\frtnbf x
..\frtnbf a
..\frtnbf m
..\frtnbf p
..etc.
.\penalty 10000
.\glue(\parskip) 0.0 plus 1.0
.\penalty 10000
.etc.

 [19]
[20]
Overfull \hbox (61.50963pt too wide) in paragraph at lines 638--641
\twlrm If []\elvtt m \twlrm is a list of dig-its in base []\elvtt r\twlrm , and
 []\elvtt m \twlrm is a list of dig-its in base []\elvtt r\twlrm , then []\elvt
t BASEN_SUC_CONV "SUC (BASEN r m)"

\hbox(8.33331+2.33331)x455.24408, glue set - 1.0
.\twlrm I
.\twlrm f
.\glue 3.91663 plus 1.95831 minus 1.30554
.\hbox(0.0+0.0)x0.0
.\elvtt m
.etc.

[21] [22] [23] [24] [25]
Overfull \hbox (32.0876pt too wide) in paragraph at lines 846--849
\twlrm If []\elvtt m \twlrm is a list of dig-its, and []\elvtt m \twlrm is empt
y or the first digit of []\elvtt m \twlrm is nonzero, then []\elvtt IS_NORMALIZ
ED_CONV "m"

\hbox(8.33331+2.33331)x455.24408, glue set - 1.0
.\twlrm I
.\twlrm f
.\glue 3.91663 plus 1.95831 minus 1.30554
.\hbox(0.0+0.0)x0.0
.\elvtt m
.etc.

[26] [27] [28]) [29] (theorems.tex [30



]
Chapter 3.
(theorems-intro.tex) [31] [32] [33] [34] [35] [36] [37] [38] [39]) [40]
(index.tex [41



] [42]) (numeral.aux (title.aux) (description.aux) (entries.aux)
(theorems.aux) (index.aux)) ) 
Here is how much of TeX's memory you used:
 443 strings out of 11977
 3703 string characters out of 87025
 37468 words of memory out of 262141
 2284 multiletter control sequences out of 9500
 19472 words of font info for 74 fonts, out of 100000 for 255
 14 hyphenation exceptions out of 607
 19i,10n,17p,191b,454s stack positions out of 300i,100n,60p,3000b,4000s

Output written on numeral.dvi (46 pages, 72260 bytes).
