This is TeX, C Version 3.0 (format=lplain 90.7.30)  4 APR 1991 18:14
**Licence
(Licence.tex
LaTeX Version 2.09 <7 Dec 1989>
(/usr/lib/tex/macros/article.sty
Document Style `article' <16 Mar 88>.
(/usr/lib/tex/macros/art12.sty)
\c@part=\count79
\c@section=\count80
\c@subsection=\count81
\c@subsubsection=\count82
\c@paragraph=\count83
\c@subparagraph=\count84
\c@figure=\count85
\c@table=\count86
) (a4.sty
Page Layout 'a4' -- version of 9 Jun 1986.
) (alltt.sty)
\minipagewidth=\skip41

No file Licence.aux.

Overfull \hbox (0.25012pt too wide) in paragraph at lines 46--58
[]  

\hbox(33.13748+27.6625)x426.79134
.\hbox(33.13748+27.6625)x427.04146
..\mathon
..\vbox(33.13748+27.6625)x427.04146
...\rule(0.4+0.0)x427.04146
...\hbox(32.73749+27.26251)x427.04146 []
...\rule(0.4+0.0)x427.04146
..\mathoff
.\penalty 10000
.\glue(\parfillskip) 0.0 plus 1.0fil
.\glue(\rightskip) 0.0 plus 1.0fil

[0

] (Licence.aux) ) 
Here is how much of TeX's memory you used:
 162 strings out of 4463
 1517 string characters out of 63169
 30696 words of memory out of 262141
 2111 multiletter control sequences out of 9500
 18996 words of font info for 72 fonts, out of 72000 for 255
 14 hyphenation exceptions out of 607
 13i,10n,17p,158b,450s stack positions out of 300i,60n,60p,3000b,4000s

Output written on Licence.dvi (1 page, 5356 bytes).
