This is TeX, Version 3.1415 (C version 6.1) (format=lplain 94.2.9)  4 MAR 1994 10:06
**arith.tex
(arith.tex
LaTeX Version 2.09 <25 March 1992>
(/usr/lib/tex/macros/latex/book.sty
Standard Document Style `book' <14 Jan 92>.
(/usr/lib/tex/macros/latex/bk12.sty)
\descriptionmargin=\dimen99
\c@part=\count79
\c@chapter=\count80
\c@section=\count81
\c@subsection=\count82
\c@subsubsection=\count83
\c@paragraph=\count84
\c@subparagraph=\count85
\c@figure=\count86
\c@table=\count87
) (/usr/lib/tex/macros/latex/fleqn.sty
Document style option `fleqn' - Released 04 Nov 91
\mathindent=\dimen100
) (../../../Manual/LaTeX/alltt.sty) (../../../Manual/LaTeX/layout.sty
\@myenumdepth=\count88
\c@myenumi=\count89
)
(../../../Manual/LaTeX/commands.tex
\minipagewidth=\skip41
\hsbw=\skip42
\c@sessioncount=\count90
) (../../../Manual/LaTeX/ref-macros.tex)
\@indexfile=\write3

Writing index file arith.idx 
(arith.aux (title.aux) (description.aux) (entries.aux) (references.aux)
(index.aux)) (title.tex [1


] [2]) (arith.toc)
\tf@toc=\write4
 [3


] [4

] (description.tex
Chapter 1.
[1


] [2] [3]) [4] (entries.tex
Chapter 2.
(entries-intro.tex) [5



] [6]
Underfull \vbox (badness 1077) has occurred while \output is active
\vbox(640.187+0.0)x455.24408, glue set 2.20973
.\glue(\topskip) 3.66669
.\hbox(8.33331+0.0)x455.24408, glue set 368.36026fil
..\twlrm f
..\twlrm r
..\twlrm a
..\twlrm c
..\twlrm t
..etc.
.\penalty 10000
.\glue 12.0 plus 3.0 minus 2.0
.\glue 0.0 plus 1.0
.etc.

 [7]
Underfull \vbox (badness 1701) has occurred while \output is active
\vbox(640.187+0.0)x455.24408, glue set 2.57495
.\glue(\topskip) 2.00002
.\hbox(9.99998+2.79999)x455.24408, glue set 392.3845fil
..\frtnbf E
..\frtnbf x
..\frtnbf a
..\frtnbf m
..\frtnbf p
..etc.
.\penalty 10000
.\glue(\parskip) 0.0 plus 1.0
.\penalty 10000
.etc.

 [8]
[9] [10] [11] [12] [13] [14] [15] [16] [17]) [18] (references.tex) [19



]
(index.tex [20



]) (arith.aux (title.aux) (description.aux) (entries.aux)
(references.aux) (index.aux)) ) 
Here is how much of TeX's memory you used:
 447 strings out of 11977
 3739 string characters out of 87025
 39429 words of memory out of 262141
 2290 multiletter control sequences out of 9500
 19472 words of font info for 74 fonts, out of 100000 for 255
 14 hyphenation exceptions out of 607
 19i,12n,17p,198b,458s stack positions out of 300i,100n,60p,3000b,4000s

Output written on arith.dvi (24 pages, 45572 bytes).
